Arguments: 
  C:\Program Files\nodejs\node.exe C:\Users\SOHAM DALAL\AppData\Roaming\npm\node_modules\yarn\bin\yarn.js set version self

PATH: 
  C:\Program Files\PowerShell\7;C:\WINDOWS\system32;C:\WINDOWS;C:\WINDOWS\System32\Wbem;C:\WINDOWS\System32\WindowsPowerShell\v1.0\;C:\WINDOWS\System32\OpenSSH\;C:\Program Files\Microsoft SQL Server\150\Tools\Binn\;C:\Program Files\Microsoft SQL Server\Client SDK\ODBC\170\Tools\Binn\;C:\Program Files\dotnet\;C:\Program Files\Git\cmd;C:\Program Files\nodejs\;C:\Program Files\PowerShell\7\;C:\Users\SOHAM DALAL\AppData\Local\Microsoft\WindowsApps;C:\Users\SOHAM DALAL\AppData\Local\Programs\Microsoft VS Code\bin;C:\MinGW\bin;C:\Users\SOHAM DALAL\.dotnet\tools;C:\Users\SOHAM DALAL\AppData\Local\GitHubDesktop\bin;C:\Users\SOHAM DALAL\AppData\Roaming\npm

Yarn version: 
  1.22.19

Node version: 
  16.17.0

Platform: 
  win32 x64

Trace: 
  Error: Release not found: self
      at C:\Users\SOHAM DALAL\AppData\Roaming\npm\node_modules\yarn\lib\cli.js:86358:17
      at Generator.next (<anonymous>)
      at step (C:\Users\SOHAM DALAL\AppData\Roaming\npm\node_modules\yarn\lib\cli.js:310:30)
      at C:\Users\SOHAM DALAL\AppData\Roaming\npm\node_modules\yarn\lib\cli.js:321:13
      at processTicksAndRejections (node:internal/process/task_queues:96:5)

npm manifest: 
  No manifest

yarn manifest: 
  No manifest

Lockfile: 
  No lockfile
